Using pre-set license
Built from '2020.3/staging' branch; Version is '2020.3.16f1 (049d6eca3c44) revision 302446'; Using compiler version '192528614'; Build Type 'Release'
OS: 'Windows 10 Home; OS build 19044.1586; Version 2009; 64bit' Language: 'en' Physical Memory: 16085 MB
BatchMode: 1, IsHumanControllingUs: 0, StartBugReporterOnCrash: 0, Is64bit: 1, IsPro: 0

 COMMAND LINE ARGUMENTS:
C:\Program Files\Unity\Editor\Unity.exe
-adb2
-batchMode
-noUpm
-name
AssetImportWorker0
-projectPath
C:/Users/Bennie Ksiazek/CADG180group
-logFile
Logs/AssetImportWorker0.log
-srvPort
52481
Successfully changed project path to: C:/Users/Bennie Ksiazek/CADG180group
C:/Users/Bennie Ksiazek/CADG180group
Using Asset Import Pipeline V2.
Refreshing native plugins compatible for Editor in 22.01 ms, found 2 plugins.
Preloading 0 native plugins for Editor in 0.00 ms.
Initialize engine version: 2020.3.16f1 (049d6eca3c44)
[Subsystems] Discovering subsystems at path C:/Program Files/Unity/Editor/Data/Resources/UnitySubsystems
[Subsystems] Discovering subsystems at path C:/Users/Bennie Ksiazek/CADG180group/Assets
GfxDevice: creating device client; threaded=0
Direct3D:
    Version:  Direct3D 11.0 [level 11.1]
    Renderer: NVIDIA GeForce RTX 3050 Laptop GPU (ID=0x25a5)
    Vendor:   
    VRAM:     3991 MB
    Driver:   30.0.15.1179
Initialize mono
Mono path[0] = 'C:/Program Files/Unity/Editor/Data/Managed'
Mono path[1] = 'C:/Program Files/Unity/Editor/Data/MonoBleedingEdge/lib/mono/unityjit'
Mono config path = 'C:/Program Files/Unity/Editor/Data/MonoBleedingEdge/etc'
Using monoOptions --debugger-agent=transport=dt_socket,embedding=1,server=y,suspend=n,address=127.0.0.1:56748
Begin MonoManager ReloadAssembly
Registering precompiled unity dll's ...
Register platform support module: C:/Program Files/Unity/Editor/Data/PlaybackEngines/WindowsStandaloneSupport/UnityEditor.WindowsStandalone.Extensions.dll
Registered in 0.099419 seconds.
Native extension for WindowsStandalone target not found
Refreshing native plugins compatible for Editor in 21.18 ms, found 2 plugins.
Preloading 0 native plugins for Editor in 0.00 ms.
Mono: successfully reloaded assembly
- Completed reload, in  2.957 seconds
Domain Reload Profiling:
	ReloadAssembly (2957ms)
		BeginReloadAssembly (1830ms)
			ExecutionOrderSort (0ms)
			DisableScriptedObjects (0ms)
			BackupInstance (0ms)
			ReleaseScriptingObjects (0ms)
			CreateAndSetChildDomain (1ms)
		EndReloadAssembly (547ms)
			LoadAssemblies (1828ms)
			RebuildTransferFunctionScriptingTraits (0ms)
			SetupTypeCache (356ms)
			ReleaseScriptCaches (0ms)
			RebuildScriptCaches (21ms)
			SetupLoadedEditorAssemblies (112ms)
				LogAssemblyErrors (0ms)
				InitializePlatformSupportModulesInManaged (3ms)
				SetLoadedEditorAssemblies (0ms)
				RefreshPlugins (21ms)
				BeforeProcessingInitializeOnLoad (6ms)
				ProcessInitializeOnLoadAttributes (58ms)
				ProcessInitializeOnLoadMethodAttributes (24ms)
				AfterProcessingInitializeOnLoad (0ms)
				EditorAssembliesLoaded (0ms)
			ExecutionOrderSort2 (0ms)
			AwakeInstancesAfterBackupRestoration (0ms)
Platform modules already initialized, skipping
Registering precompiled user dll's ...
Registered in 0.422736 seconds.
Begin MonoManager ReloadAssembly
Native extension for WindowsStandalone target not found
Refreshing native plugins compatible for Editor in 0.28 ms, found 2 plugins.
Preloading 0 native plugins for Editor in 0.00 ms.
Mono: successfully reloaded assembly
- Completed reload, in  2.141 seconds
Domain Reload Profiling:
	ReloadAssembly (2144ms)
		BeginReloadAssembly (99ms)
			ExecutionOrderSort (0ms)
			DisableScriptedObjects (3ms)
			BackupInstance (0ms)
			ReleaseScriptingObjects (0ms)
			CreateAndSetChildDomain (15ms)
		EndReloadAssembly (1999ms)
			LoadAssemblies (865ms)
			RebuildTransferFunctionScriptingTraits (0ms)
			SetupTypeCache (663ms)
			ReleaseScriptCaches (0ms)
			RebuildScriptCaches (28ms)
			SetupLoadedEditorAssemblies (375ms)
				LogAssemblyErrors (0ms)
				InitializePlatformSupportModulesInManaged (4ms)
				SetLoadedEditorAssemblies (0ms)
				RefreshPlugins (0ms)
				BeforeProcessingInitializeOnLoad (37ms)
				ProcessInitializeOnLoadAttributes (325ms)
				ProcessInitializeOnLoadMethodAttributes (3ms)
				AfterProcessingInitializeOnLoad (4ms)
				EditorAssembliesLoaded (0ms)
			ExecutionOrderSort2 (0ms)
			AwakeInstancesAfterBackupRestoration (4ms)
Platform modules already initialized, skipping
========================================================================
Worker process is ready to serve import requests
Launched and connected shader compiler UnityShaderCompiler.exe after 0.07 seconds
Refreshing native plugins compatible for Editor in 0.27 ms, found 2 plugins.
Preloading 0 native plugins for Editor in 0.00 ms.
Unloading 1397 Unused Serialized files (Serialized files now loaded: 0)
System memory in use before: 64.9 MB.
System memory in use after: 65.0 MB.

Unloading 18 unused Assets to reduce memory usage. Loaded Objects now: 1830.
Total: 2.063300 ms (FindLiveObjects: 0.104300 ms CreateObjectMapping: 0.022400 ms MarkObjects: 1.886100 ms  DeleteObjects: 0.050000 ms)

AssetImportParameters requested are different than current active one (requested -> active):
  custom:framework-win-MediaFoundation: 216162199b28c13a410421893ffa2e32 -> 
  custom:video-decoder-ogg-theora: a1e56fd34408186e4bbccfd4996cb3dc -> 
  custom:container-muxer-webm: aa71ff27fc2769a1b78a27578f13a17b -> 
  custom:container-demuxer-webm: 4f35f7cbe854078d1ac9338744f61a02 -> 
  custom:container-demuxer-ogg: 62fdf1f143b41e24485cea50d1cbac27 -> 
  custom:video-encoder-webm-vp8: eb34c28f22e8b96e1ab97ce403110664 -> 
  custom:video-decoder-webm-vp8: 9c59270c3fd7afecdb556c50c9e8de78 -> 
  custom:audio-decoder-ogg-vorbis: bf7c407c2cedff20999df2af8eb42d56 -> 
  custom:audio-encoder-webm-vorbis: bf7c407c2cedff20999df2af8eb42d56 -> 
========================================================================
Received Import Request.
  path: Assets/scripts
  artifactKey: Guid(209d04af785ce9247bba8e59479051af) Importer(815301076,1909f56bfc062723c751e8b465ee728b)
Start importing Assets/scripts using Guid(209d04af785ce9247bba8e59479051af) Importer(815301076,1909f56bfc062723c751e8b465ee728b)  -> (artifact id: 'd0900112531ebbc4f49e4f9645d2bf4d') in 0.006344 seconds 
  Import took 0.008542 seconds .

========================================================================
Received Import Request.
  Time since last request: 7.725795 seconds.
  path: Assets/scripts/Player.cs
  artifactKey: Guid(b2e3facfe329e4340b98771c1436ea99) Importer(815301076,1909f56bfc062723c751e8b465ee728b)
Start importing Assets/scripts/Player.cs using Guid(b2e3facfe329e4340b98771c1436ea99) Importer(815301076,1909f56bfc062723c751e8b465ee728b)  -> (artifact id: 'd400e94858595b6e1e8cba45593a1086') in 0.024009 seconds 
  Import took 0.025862 seconds .

========================================================================
Received Prepare
Registering precompiled user dll's ...
Registered in 0.002312 seconds.
Begin MonoManager ReloadAssembly
Native extension for WindowsStandalone target not found
Refreshing native plugins compatible for Editor in 0.29 ms, found 2 plugins.
Preloading 0 native plugins for Editor in 0.00 ms.
Mono: successfully reloaded assembly
- Completed reload, in  0.702 seconds
Domain Reload Profiling:
	ReloadAssembly (702ms)
		BeginReloadAssembly (91ms)
			ExecutionOrderSort (0ms)
			DisableScriptedObjects (3ms)
			BackupInstance (0ms)
			ReleaseScriptingObjects (0ms)
			CreateAndSetChildDomain (25ms)
		EndReloadAssembly (565ms)
			LoadAssemblies (57ms)
			RebuildTransferFunctionScriptingTraits (0ms)
			SetupTypeCache (183ms)
			ReleaseScriptCaches (1ms)
			RebuildScriptCaches (25ms)
			SetupLoadedEditorAssemblies (234ms)
				LogAssemblyErrors (0ms)
				InitializePlatformSupportModulesInManaged (4ms)
				SetLoadedEditorAssemblies (0ms)
				RefreshPlugins (0ms)
				BeforeProcessingInitializeOnLoad (33ms)
				ProcessInitializeOnLoadAttributes (190ms)
				ProcessInitializeOnLoadMethodAttributes (3ms)
				AfterProcessingInitializeOnLoad (4ms)
				EditorAssembliesLoaded (0ms)
			ExecutionOrderSort2 (0ms)
			AwakeInstancesAfterBackupRestoration (5ms)
Platform modules already initialized, skipping
Refreshing native plugins compatible for Editor in 0.29 ms, found 2 plugins.
Preloading 0 native plugins for Editor in 0.00 ms.
Unloading 1392 Unused Serialized files (Serialized files now loaded: 0)
System memory in use before: 64.8 MB.
System memory in use after: 64.9 MB.

Unloading 13 unused Assets to reduce memory usage. Loaded Objects now: 1833.
Total: 1.983000 ms (FindLiveObjects: 0.098800 ms CreateObjectMapping: 0.023600 ms MarkObjects: 1.844200 ms  DeleteObjects: 0.013600 ms)

AssetImportParameters requested are different than current active one (requested -> active):
  custom:framework-win-MediaFoundation: 216162199b28c13a410421893ffa2e32 -> 
  custom:video-decoder-ogg-theora: a1e56fd34408186e4bbccfd4996cb3dc -> 
  custom:container-muxer-webm: aa71ff27fc2769a1b78a27578f13a17b -> 
  custom:container-demuxer-webm: 4f35f7cbe854078d1ac9338744f61a02 -> 
  custom:container-demuxer-ogg: 62fdf1f143b41e24485cea50d1cbac27 -> 
  custom:video-encoder-webm-vp8: eb34c28f22e8b96e1ab97ce403110664 -> 
  custom:video-decoder-webm-vp8: 9c59270c3fd7afecdb556c50c9e8de78 -> 
  custom:audio-decoder-ogg-vorbis: bf7c407c2cedff20999df2af8eb42d56 -> 
  custom:audio-encoder-webm-vorbis: bf7c407c2cedff20999df2af8eb42d56 -> 
========================================================================
Received Import Request.
  Time since last request: 1297.477489 seconds.
  path: Assets/Scenes/Level 2.unity
  artifactKey: Guid(0295f82a2bf9a2b48bb724948f77667d) Importer(815301076,1909f56bfc062723c751e8b465ee728b)
Start importing Assets/Scenes/Level 2.unity using Guid(0295f82a2bf9a2b48bb724948f77667d) Importer(815301076,1909f56bfc062723c751e8b465ee728b)  -> (artifact id: '9bdeb1e67c7380d7f6b97f88dc0390a5') in 0.016164 seconds 
  Import took 0.018927 seconds .

========================================================================
Received Import Request.
  Time since last request: 0.599140 seconds.
  path: Assets/Scenes/SampleScene.unity
  artifactKey: Guid(9fc0d4010bbf28b4594072e72b8655ab) Importer(815301076,1909f56bfc062723c751e8b465ee728b)
Start importing Assets/Scenes/SampleScene.unity using Guid(9fc0d4010bbf28b4594072e72b8655ab) Importer(815301076,1909f56bfc062723c751e8b465ee728b)  -> (artifact id: 'c60881e012d09f1735b7a8ad4bd4619b') in 0.005842 seconds 
  Import took 0.008512 seconds .

========================================================================
Received Import Request.
  Time since last request: 16.213976 seconds.
  path: Assets/Scenes/Level 1.unity
  artifactKey: Guid(9fc0d4010bbf28b4594072e72b8655ab) Importer(815301076,1909f56bfc062723c751e8b465ee728b)
Start importing Assets/Scenes/Level 1.unity using Guid(9fc0d4010bbf28b4594072e72b8655ab) Importer(815301076,1909f56bfc062723c751e8b465ee728b)  -> (artifact id: '7280d5c847834adb743e6a9dad024b6f') in 0.006287 seconds 
  Import took 0.009643 seconds .

========================================================================
Received Import Request.
  Time since last request: 0.002961 seconds.
  path: Assets/Scenes/Level 1.unity
  artifactKey: Guid(9fc0d4010bbf28b4594072e72b8655ab) Importer(815301076,1909f56bfc062723c751e8b465ee728b)
Start importing Assets/Scenes/Level 1.unity using Guid(9fc0d4010bbf28b4594072e72b8655ab) Importer(815301076,1909f56bfc062723c751e8b465ee728b)  -> (artifact id: '7280d5c847834adb743e6a9dad024b6f') in 0.002793 seconds 
  Import took 0.004769 seconds .

========================================================================
Received Import Request.
  Time since last request: 72.758866 seconds.
  path: Assets/Scenes/Level 1.unity
  artifactKey: Guid(9fc0d4010bbf28b4594072e72b8655ab) Importer(815301076,1909f56bfc062723c751e8b465ee728b)
Start importing Assets/Scenes/Level 1.unity using Guid(9fc0d4010bbf28b4594072e72b8655ab) Importer(815301076,1909f56bfc062723c751e8b465ee728b)  -> (artifact id: '5f82d607bcf6946d1fb45fe49f83bccd') in 0.002221 seconds 
  Import took 0.005144 seconds .

========================================================================
Received Import Request.
  Time since last request: 54.952405 seconds.
  path: Assets/Scenes/Floor.mat
  artifactKey: Guid(92cf2434cb543f24d8f21b2d9622b197) Importer(815301076,1909f56bfc062723c751e8b465ee728b)
Start importing Assets/Scenes/Floor.mat using Guid(92cf2434cb543f24d8f21b2d9622b197) Importer(815301076,1909f56bfc062723c751e8b465ee728b)  -> (artifact id: 'd508b12ca75cf1a05724996d4b68798f') in 0.080842 seconds 
  Import took 0.083217 seconds .

========================================================================
Received Import Request.
  Time since last request: 117.143532 seconds.
  path: Assets/Scenes/Level 2.unity
  artifactKey: Guid(0295f82a2bf9a2b48bb724948f77667d) Importer(815301076,1909f56bfc062723c751e8b465ee728b)
Start importing Assets/Scenes/Level 2.unity using Guid(0295f82a2bf9a2b48bb724948f77667d) Importer(815301076,1909f56bfc062723c751e8b465ee728b)  -> (artifact id: '05c411a0ff4563c1db93b3d6f6713496') in 0.002005 seconds 
  Import took 0.004497 seconds .

========================================================================
Received Import Request.
  Time since last request: 0.003065 seconds.
  path: Assets/Scenes/Floor.mat
  artifactKey: Guid(92cf2434cb543f24d8f21b2d9622b197) Importer(815301076,1909f56bfc062723c751e8b465ee728b)
Start importing Assets/Scenes/Floor.mat using Guid(92cf2434cb543f24d8f21b2d9622b197) Importer(815301076,1909f56bfc062723c751e8b465ee728b)  -> (artifact id: '5e801b2df7bdbaeef7c8e62f2d960315') in 0.017069 seconds 
  Import took 0.019389 seconds .

========================================================================
Received Import Request.
  Time since last request: 38.322352 seconds.
  path: Assets/Scenes/Level 2.unity
  artifactKey: Guid(0295f82a2bf9a2b48bb724948f77667d) Importer(815301076,1909f56bfc062723c751e8b465ee728b)
Start importing Assets/Scenes/Level 2.unity using Guid(0295f82a2bf9a2b48bb724948f77667d) Importer(815301076,1909f56bfc062723c751e8b465ee728b)  -> (artifact id: '24ccbe51ae6625c53a914b5c8d93daa3') in 0.004158 seconds 
  Import took 0.007329 seconds .

========================================================================
Received Import Request.
  Time since last request: 0.000794 seconds.
  path: Assets/Scenes/Level 2.unity
  artifactKey: Guid(0295f82a2bf9a2b48bb724948f77667d) Importer(815301076,1909f56bfc062723c751e8b465ee728b)
Start importing Assets/Scenes/Level 2.unity using Guid(0295f82a2bf9a2b48bb724948f77667d) Importer(815301076,1909f56bfc062723c751e8b465ee728b)  -> (artifact id: '24ccbe51ae6625c53a914b5c8d93daa3') in 0.002715 seconds 
  Import took 0.004657 seconds .

========================================================================
Received Import Request.
  Time since last request: 1290.546927 seconds.
  path: Assets/Scenes/Level 1.unity
  artifactKey: Guid(9fc0d4010bbf28b4594072e72b8655ab) Importer(815301076,1909f56bfc062723c751e8b465ee728b)
Start importing Assets/Scenes/Level 1.unity using Guid(9fc0d4010bbf28b4594072e72b8655ab) Importer(815301076,1909f56bfc062723c751e8b465ee728b)  -> (artifact id: '92e2eea4379632b4921cfadb7e702abf') in 0.002542 seconds 
  Import took 0.006010 seconds .

========================================================================
Received Import Request.
  Time since last request: 32373.904063 seconds.
  path: Assets/Scenes/Level3.unity
  artifactKey: Guid(ae65fa220978bc14c9944b1e6270527a) Importer(815301076,1909f56bfc062723c751e8b465ee728b)
Start importing Assets/Scenes/Level3.unity using Guid(ae65fa220978bc14c9944b1e6270527a) Importer(815301076,1909f56bfc062723c751e8b465ee728b)  -> (artifact id: '67366a5d789d9f1514e57d699bdd9792') in 0.006386 seconds 
  Import took 0.009678 seconds .

========================================================================
Received Import Request.
  Time since last request: 0.001340 seconds.
  path: Assets/Scenes/Level3.unity
  artifactKey: Guid(ae65fa220978bc14c9944b1e6270527a) Importer(815301076,1909f56bfc062723c751e8b465ee728b)
Start importing Assets/Scenes/Level3.unity using Guid(ae65fa220978bc14c9944b1e6270527a) Importer(815301076,1909f56bfc062723c751e8b465ee728b)  -> (artifact id: '67366a5d789d9f1514e57d699bdd9792') in 0.002591 seconds 
  Import took 0.004510 seconds .

========================================================================
Received Import Request.
  Time since last request: 9.738430 seconds.
  path: Assets/Scenes/Level 2.unity
  artifactKey: Guid(0295f82a2bf9a2b48bb724948f77667d) Importer(815301076,1909f56bfc062723c751e8b465ee728b)
Start importing Assets/Scenes/Level 2.unity using Guid(0295f82a2bf9a2b48bb724948f77667d) Importer(815301076,1909f56bfc062723c751e8b465ee728b)  -> (artifact id: '94af9fc606434f4ff7f08b6e637dcf7c') in 0.005547 seconds 
  Import took 0.007492 seconds .

========================================================================
Received Import Request.
  Time since last request: 35.920162 seconds.
  path: Assets/Scenes/Level3.unity
  artifactKey: Guid(ae65fa220978bc14c9944b1e6270527a) Importer(815301076,1909f56bfc062723c751e8b465ee728b)
Start importing Assets/Scenes/Level3.unity using Guid(ae65fa220978bc14c9944b1e6270527a) Importer(815301076,1909f56bfc062723c751e8b465ee728b)  -> (artifact id: '918b03519e81e340a4b9ca4b775b6997') in 0.002809 seconds 
  Import took 0.005112 seconds .

========================================================================
Received Import Request.
  Time since last request: 108.963300 seconds.
  path: Assets/New Terrain.asset
  artifactKey: Guid(15a19c71242e6de4785923462ceb4a3b) Importer(815301076,1909f56bfc062723c751e8b465ee728b)
Start importing Assets/New Terrain.asset using Guid(15a19c71242e6de4785923462ceb4a3b) Importer(815301076,1909f56bfc062723c751e8b465ee728b)  -> (artifact id: '3a0e71f85e6a0e2ce0c2b31009a093e7') in 0.020026 seconds 
  Import took 0.022136 seconds .

========================================================================
Received Import Request.
  Time since last request: 0.002897 seconds.
  path: Assets/New Terrain.asset
  artifactKey: Guid(15a19c71242e6de4785923462ceb4a3b) Importer(815301076,1909f56bfc062723c751e8b465ee728b)
Start importing Assets/New Terrain.asset using Guid(15a19c71242e6de4785923462ceb4a3b) Importer(815301076,1909f56bfc062723c751e8b465ee728b)  -> (artifact id: '3a0e71f85e6a0e2ce0c2b31009a093e7') in 0.005879 seconds 
  Import took 0.007892 seconds .

========================================================================
Received Import Request.
  Time since last request: 115.019893 seconds.
  path: Assets/Scenes/New Material.mat
  artifactKey: Guid(37b1c8ed98105ef45b9364e4c1c97528) Importer(815301076,1909f56bfc062723c751e8b465ee728b)
Start importing Assets/Scenes/New Material.mat using Guid(37b1c8ed98105ef45b9364e4c1c97528) Importer(815301076,1909f56bfc062723c751e8b465ee728b)  -> (artifact id: '7240df7655069f43b5abd0fc27c82d7b') in 0.022644 seconds 
  Import took 0.024791 seconds .

========================================================================
Received Import Request.
  Time since last request: 49.151381 seconds.
  path: Assets/Scenes/Player material.mat
  artifactKey: Guid(37b1c8ed98105ef45b9364e4c1c97528) Importer(815301076,1909f56bfc062723c751e8b465ee728b)
Start importing Assets/Scenes/Player material.mat using Guid(37b1c8ed98105ef45b9364e4c1c97528) Importer(815301076,1909f56bfc062723c751e8b465ee728b)  -> (artifact id: '9d63941b0a819c6f62f50c21dd7c15be') in 0.012143 seconds 
  Import took 0.014874 seconds .

========================================================================
Received Import Request.
  Time since last request: 439.892327 seconds.
  path: Assets/Scenes/Level3.unity
  artifactKey: Guid(ae65fa220978bc14c9944b1e6270527a) Importer(815301076,1909f56bfc062723c751e8b465ee728b)
Start importing Assets/Scenes/Level3.unity using Guid(ae65fa220978bc14c9944b1e6270527a) Importer(815301076,1909f56bfc062723c751e8b465ee728b)  -> (artifact id: '164fddc4d032462c56c371abb2f3c06f') in 0.003210 seconds 
  Import took 0.006516 seconds .

========================================================================
Received Import Request.
  Time since last request: 4.526091 seconds.
  path: Assets/Scenes/Level 2.unity
  artifactKey: Guid(0295f82a2bf9a2b48bb724948f77667d) Importer(815301076,1909f56bfc062723c751e8b465ee728b)
Start importing Assets/Scenes/Level 2.unity using Guid(0295f82a2bf9a2b48bb724948f77667d) Importer(815301076,1909f56bfc062723c751e8b465ee728b)  -> (artifact id: '28fe3901da72cf7cf2e9e1cf9801a4d6') in 0.002762 seconds 
  Import took 0.004718 seconds .

AssetImportWorkerClient::OnTransportError - code=2 error=End of file
